<?xml version="1.0" encoding="UTF-8"?>
<!-- Generated by org.testng.reporters.JUnitXMLReporter -->
<testsuite ignored="1" hostname="Ravi-Laptop" failures="0" tests="2" name="Default test" time="21.766" errors="0" timestamp="2026-02-18T21:39:55 IST">
  <testcase classname="ravichouhanworks.test.SubmitOrderTest" name="submitOrder" time="3.516"/>
  <testcase classname="ravichouhanworks.test.SubmitOrderTest" name="submitOrder" time="5.656"/>
  <testcase classname="ravichouhanworks.test.SubmitOrderTest" name="orderHistoryTest" time="0.0">
    <ignored/>
  </testcase> <!-- orderHistoryTest -->
</testsuite> <!-- Default test -->
