<?xml version="1.0" encoding="UTF-8"?>
<!-- Generated by org.testng.reporters.JUnitXMLReporter -->
<testsuite ignored="0" hostname="Ravi-Laptop" failures="1" tests="3" name="Error Validation Test" time="28.24" errors="0" timestamp="2026-02-19T17:06:52 IST">
  <testcase classname="ravichouhanworks.test.ErrorValidationTest" name="loginErrorMessageTest" time="1.326">
    <skipped/>
  </testcase> <!-- loginErrorMessageTest -->
  <testcase classname="ravichouhanworks.test.ErrorValidationTest" name="loginErrorMessageTest" time="7.014">
    <failure type="java.lang.AssertionError" message="expected [Incorrect email or password.] but found [Incorrects email or password.]">
      <![CDATA[java.lang.AssertionError: expected [Incorrect email or password.] but found [Incorrects email or password.]
at ravichouhanworks.test.ErrorValidationTest.loginErrorMessageTest(ErrorValidationTest.java:22)
at java.base/java.util.ArrayList.forEach(ArrayList.java:1596)
at java.base/java.util.concurrent.FutureTask.run(FutureTask.java:317)
at java.base/java.util.concurrent.ThreadPoolExecutor.runWorker(ThreadPoolExecutor.java:1144)
at java.base/java.util.concurrent.ThreadPoolExecutor$Worker.run(ThreadPoolExecutor.java:642)
at java.base/java.lang.Thread.run(Thread.java:1583)
... Removed 21 stack frames]]>
    </failure>
  </testcase> <!-- loginErrorMessageTest -->
  <testcase classname="ravichouhanworks.test.ErrorValidationTest" name="productNameValidation" time="3.084"/>
</testsuite> <!-- Error Validation Test -->
