<?xml version="1.0" encoding="UTF-8"?>
<!-- Generated by org.testng.reporters.JUnitXMLReporter -->
<testsuite ignored="0" hostname="Ravi-Laptop" failures="0" tests="3" name="Submit Order Test" time="30.834" errors="0" timestamp="2026-02-19T17:06:54 IST">
  <testcase classname="ravichouhanworks.test.SubmitOrderTest" name="submitOrder" time="5.262"/>
  <testcase classname="ravichouhanworks.test.SubmitOrderTest" name="submitOrder" time="5.686"/>
  <testcase classname="ravichouhanworks.test.SubmitOrderTest" name="orderHistoryTest" time="2.918"/>
</testsuite> <!-- Submit Order Test -->
