<?xml version="1.0" encoding="UTF-8"?>
<testng-results retried="1" ignored="0" total="6" passed="4" failed="1" skipped="0">
  <reporter-output>
  </reporter-output>
  <suite started-at="2026-02-19T17:06:23 IST" name="Suite" finished-at="2026-02-19T17:06:54 IST" duration-ms="30834">
    <groups>
    </groups>
    <test started-at="2026-02-19T17:06:23 IST" name="Error Validation Test" finished-at="2026-02-19T17:06:51 IST" duration-ms="28240">
      <class name="ravichouhanworks.test.ErrorValidationTest">
        <test-method is-config="true" signature="launchingApplication()[pri:0, instance:ravichouhanworks.test.ErrorValidationTest@352ff4da]" started-at="2026-02-19T17:06:23 IST" name="launchingApplication" finished-at="2026-02-19T17:06:32 IST" duration-ms="8592" status="PASS">
          <reporter-output>
          </reporter-output>
        </test-method> <!-- launchingApplication -->
        <test-method retried="true" signature="loginErrorMessageTest()[pri:0, instance:ravichouhanworks.test.ErrorValidationTest@352ff4da]" started-at="2026-02-19T17:06:32 IST" name="loginErrorMessageTest" finished-at="2026-02-19T17:06:33 IST" duration-ms="1326" status="SKIP">
          <exception class="java.lang.AssertionError">
            <message>
              <![CDATA[expected [Incorrect email or password.] but found [Incorrects email or password.]]]>
            </message>
            <full-stacktrace>
              <![CDATA[java.lang.AssertionError: expected [Incorrect email or password.] but found [Incorrects email or password.]
at org.testng.Assert.fail(Assert.java:111)
at org.testng.Assert.failNotEquals(Assert.java:1590)
at org.testng.Assert.assertEqualsImpl(Assert.java:150)
at org.testng.Assert.assertEquals(Assert.java:132)
at org.testng.Assert.assertEquals(Assert.java:656)
at org.testng.Assert.assertEquals(Assert.java:666)
at ravichouhanworks.test.ErrorValidationTest.loginErrorMessageTest(ErrorValidationTest.java:22)
at java.base/jdk.internal.reflect.DirectMethodHandleAccessor.invoke(DirectMethodHandleAccessor.java:103)
at java.base/java.lang.reflect.Method.invoke(Method.java:580)
at org.testng.internal.invokers.MethodInvocationHelper.invokeMethod(MethodInvocationHelper.java:141)
at org.testng.internal.invokers.TestInvoker.invokeMethod(TestInvoker.java:697)
at org.testng.internal.invokers.TestInvoker.invokeTestMethod(TestInvoker.java:230)
at org.testng.internal.invokers.MethodRunner.runInSequence(MethodRunner.java:63)
at org.testng.internal.invokers.TestInvoker$MethodInvocationAgent.invoke(TestInvoker.java:1005)
at org.testng.internal.invokers.TestInvoker.invokeTestMethods(TestInvoker.java:203)
at org.testng.internal.invokers.TestMethodWorker.invokeTestMethods(TestMethodWorker.java:154)
at org.testng.internal.invokers.TestMethodWorker.run(TestMethodWorker.java:134)
at java.base/java.util.ArrayList.forEach(ArrayList.java:1596)
at org.testng.TestRunner.privateRun(TestRunner.java:744)
at org.testng.TestRunner.run(TestRunner.java:616)
at org.testng.SuiteRunner.runTest(SuiteRunner.java:421)
at org.testng.SuiteRunner$SuiteWorker.run(SuiteRunner.java:463)
at org.testng.internal.thread.ThreadUtil.lambda$execute$0(ThreadUtil.java:64)
at java.base/java.util.concurrent.FutureTask.run(FutureTask.java:317)
at java.base/java.util.concurrent.ThreadPoolExecutor.runWorker(ThreadPoolExecutor.java:1144)
at java.base/java.util.concurrent.ThreadPoolExecutor$Worker.run(ThreadPoolExecutor.java:642)
at java.base/java.lang.Thread.run(Thread.java:1583)
]]>
            </full-stacktrace>
          </exception> <!-- java.lang.AssertionError -->
          <reporter-output>
          </reporter-output>
        </test-method> <!-- loginErrorMessageTest -->
        <test-method is-config="true" signature="tearDown()[pri:0, instance:ravichouhanworks.test.ErrorValidationTest@352ff4da]" started-at="2026-02-19T17:06:33 IST" name="tearDown" finished-at="2026-02-19T17:06:33 IST" duration-ms="254" status="PASS">
          <reporter-output>
          </reporter-output>
        </test-method> <!-- tearDown -->
        <test-method is-config="true" signature="launchingApplication()[pri:0, instance:ravichouhanworks.test.ErrorValidationTest@352ff4da]" started-at="2026-02-19T17:06:33 IST" name="launchingApplication" finished-at="2026-02-19T17:06:35 IST" duration-ms="1523" status="PASS">
          <reporter-output>
          </reporter-output>
        </test-method> <!-- launchingApplication -->
        <test-method signature="loginErrorMessageTest()[pri:0, instance:ravichouhanworks.test.ErrorValidationTest@352ff4da]" started-at="2026-02-19T17:06:35 IST" name="loginErrorMessageTest" finished-at="2026-02-19T17:06:42 IST" duration-ms="7014" status="FAIL">
          <exception class="java.lang.AssertionError">
            <message>
              <![CDATA[expected [Incorrect email or password.] but found [Incorrects email or password.]]]>
            </message>
            <full-stacktrace>
              <![CDATA[java.lang.AssertionError: expected [Incorrect email or password.] but found [Incorrects email or password.]
at org.testng.Assert.fail(Assert.java:111)
at org.testng.Assert.failNotEquals(Assert.java:1590)
at org.testng.Assert.assertEqualsImpl(Assert.java:150)
at org.testng.Assert.assertEquals(Assert.java:132)
at org.testng.Assert.assertEquals(Assert.java:656)
at org.testng.Assert.assertEquals(Assert.java:666)
at ravichouhanworks.test.ErrorValidationTest.loginErrorMessageTest(ErrorValidationTest.java:22)
at java.base/jdk.internal.reflect.DirectMethodHandleAccessor.invoke(DirectMethodHandleAccessor.java:103)
at java.base/java.lang.reflect.Method.invoke(Method.java:580)
at org.testng.internal.invokers.MethodInvocationHelper.invokeMethod(MethodInvocationHelper.java:141)
at org.testng.internal.invokers.TestInvoker.invokeMethod(TestInvoker.java:697)
at org.testng.internal.invokers.TestInvoker.retryFailed(TestInvoker.java:280)
at org.testng.internal.invokers.MethodRunner.runInSequence(MethodRunner.java:76)
at org.testng.internal.invokers.TestInvoker$MethodInvocationAgent.invoke(TestInvoker.java:1005)
at org.testng.internal.invokers.TestInvoker.invokeTestMethods(TestInvoker.java:203)
at org.testng.internal.invokers.TestMethodWorker.invokeTestMethods(TestMethodWorker.java:154)
at org.testng.internal.invokers.TestMethodWorker.run(TestMethodWorker.java:134)
at java.base/java.util.ArrayList.forEach(ArrayList.java:1596)
at org.testng.TestRunner.privateRun(TestRunner.java:744)
at org.testng.TestRunner.run(TestRunner.java:616)
at org.testng.SuiteRunner.runTest(SuiteRunner.java:421)
at org.testng.SuiteRunner$SuiteWorker.run(SuiteRunner.java:463)
at org.testng.internal.thread.ThreadUtil.lambda$execute$0(ThreadUtil.java:64)
at java.base/java.util.concurrent.FutureTask.run(FutureTask.java:317)
at java.base/java.util.concurrent.ThreadPoolExecutor.runWorker(ThreadPoolExecutor.java:1144)
at java.base/java.util.concurrent.ThreadPoolExecutor$Worker.run(ThreadPoolExecutor.java:642)
at java.base/java.lang.Thread.run(Thread.java:1583)
]]>
            </full-stacktrace>
          </exception> <!-- java.lang.AssertionError -->
          <reporter-output>
          </reporter-output>
        </test-method> <!-- loginErrorMessageTest -->
        <test-method is-config="true" signature="tearDown()[pri:0, instance:ravichouhanworks.test.ErrorValidationTest@352ff4da]" started-at="2026-02-19T17:06:43 IST" name="tearDown" finished-at="2026-02-19T17:06:44 IST" duration-ms="590" status="PASS">
          <reporter-output>
          </reporter-output>
        </test-method> <!-- tearDown -->
        <test-method is-config="true" signature="launchingApplication()[pri:0, instance:ravichouhanworks.test.ErrorValidationTest@352ff4da]" started-at="2026-02-19T17:06:44 IST" name="launchingApplication" finished-at="2026-02-19T17:06:48 IST" duration-ms="4275" status="PASS">
          <reporter-output>
          </reporter-output>
        </test-method> <!-- launchingApplication -->
        <test-method signature="productNameValidation()[pri:0, instance:ravichouhanworks.test.ErrorValidationTest@352ff4da]" started-at="2026-02-19T17:06:48 IST" name="productNameValidation" finished-at="2026-02-19T17:06:51 IST" duration-ms="3084" status="PASS">
          <reporter-output>
          </reporter-output>
        </test-method> <!-- productNameValidation -->
        <test-method is-config="true" signature="tearDown()[pri:0, instance:ravichouhanworks.test.ErrorValidationTest@352ff4da]" started-at="2026-02-19T17:06:51 IST" name="tearDown" finished-at="2026-02-19T17:06:51 IST" duration-ms="300" status="PASS">
          <reporter-output>
          </reporter-output>
        </test-method> <!-- tearDown -->
      </class> <!-- ravichouhanworks.test.ErrorValidationTest -->
    </test> <!-- Error Validation Test -->
    <test started-at="2026-02-19T17:06:23 IST" name="Submit Order Test" finished-at="2026-02-19T17:06:54 IST" duration-ms="30834">
      <class name="ravichouhanworks.test.SubmitOrderTest">
        <test-method is-config="true" signature="launchingApplication()[pri:0, instance:ravichouhanworks.test.SubmitOrderTest@68878f6d]" started-at="2026-02-19T17:06:23 IST" name="launchingApplication" finished-at="2026-02-19T17:06:30 IST" duration-ms="7080" status="PASS">
          <reporter-output>
          </reporter-output>
        </test-method> <!-- launchingApplication -->
        <test-method signature="submitOrder(java.util.HashMap)[pri:0, instance:ravichouhanworks.test.SubmitOrderTest@68878f6d]" started-at="2026-02-19T17:06:30 IST" name="submitOrder" data-provider="getData" finished-at="2026-02-19T17:06:36 IST" duration-ms="5262" status="PASS">
          <params>
            <param index="0">
              <value>
                <![CDATA[{password=Rahul@123, confirmMessage=Thankyou for the order., countryName=India, userName=ravichouhan@gmail.com, productName=ZARA COAT 3}]]>
              </value>
            </param>
          </params>
          <reporter-output>
          </reporter-output>
        </test-method> <!-- submitOrder -->
        <test-method is-config="true" signature="tearDown()[pri:0, instance:ravichouhanworks.test.SubmitOrderTest@68878f6d]" started-at="2026-02-19T17:06:36 IST" name="tearDown" finished-at="2026-02-19T17:06:36 IST" duration-ms="424" status="PASS">
          <reporter-output>
          </reporter-output>
        </test-method> <!-- tearDown -->
        <test-method is-config="true" signature="launchingApplication()[pri:0, instance:ravichouhanworks.test.SubmitOrderTest@68878f6d]" started-at="2026-02-19T17:06:36 IST" name="launchingApplication" finished-at="2026-02-19T17:06:43 IST" duration-ms="7034" status="PASS">
          <reporter-output>
          </reporter-output>
        </test-method> <!-- launchingApplication -->
        <test-method signature="submitOrder(java.util.HashMap)[pri:0, instance:ravichouhanworks.test.SubmitOrderTest@68878f6d]" started-at="2026-02-19T17:06:43 IST" name="submitOrder" data-provider="getData" finished-at="2026-02-19T17:06:49 IST" duration-ms="5686" status="PASS">
          <params>
            <param index="0">
              <value>
                <![CDATA[{password=Rahul@123, confirmMessage=Thankyou for the order., countryName=India, userName=ravichouhan@gmail.com, productName=ADIDAS ORIGINAL}]]>
              </value>
            </param>
          </params>
          <reporter-output>
          </reporter-output>
        </test-method> <!-- submitOrder -->
        <test-method is-config="true" signature="tearDown()[pri:0, instance:ravichouhanworks.test.SubmitOrderTest@68878f6d]" started-at="2026-02-19T17:06:49 IST" name="tearDown" finished-at="2026-02-19T17:06:49 IST" duration-ms="492" status="PASS">
          <reporter-output>
          </reporter-output>
        </test-method> <!-- tearDown -->
        <test-method is-config="true" signature="launchingApplication()[pri:0, instance:ravichouhanworks.test.SubmitOrderTest@68878f6d]" started-at="2026-02-19T17:06:49 IST" name="launchingApplication" finished-at="2026-02-19T17:06:51 IST" duration-ms="1331" status="PASS">
          <reporter-output>
          </reporter-output>
        </test-method> <!-- launchingApplication -->
        <test-method signature="orderHistoryTest()[pri:0, instance:ravichouhanworks.test.SubmitOrderTest@68878f6d]" started-at="2026-02-19T17:06:51 IST" name="orderHistoryTest" finished-at="2026-02-19T17:06:54 IST" depends-on-methods="ravichouhanworks.test.SubmitOrderTest.submitOrder" duration-ms="2918" status="PASS">
          <reporter-output>
          </reporter-output>
        </test-method> <!-- orderHistoryTest -->
        <test-method is-config="true" signature="tearDown()[pri:0, instance:ravichouhanworks.test.SubmitOrderTest@68878f6d]" started-at="2026-02-19T17:06:54 IST" name="tearDown" finished-at="2026-02-19T17:06:54 IST" duration-ms="235" status="PASS">
          <reporter-output>
          </reporter-output>
        </test-method> <!-- tearDown -->
      </class> <!-- ravichouhanworks.test.SubmitOrderTest -->
    </test> <!-- Submit Order Test -->
  </suite> <!-- Suite -->
</testng-results>
