<?xml version="1.0" encoding="UTF-8"?>
<!-- Generated by org.testng.reporters.JUnitReportReporter -->
<testsuite hostname="Ravi-Laptop" failures="0" tests="3" name="ravichouhanworks.test.SubmitOrderTest" time="30.462" errors="0" timestamp="2026-02-19T17:06:54 IST" skipped="0">
  <testcase classname="ravichouhanworks.test.SubmitOrderTest" name="submitOrder" time="7.017"/>
  <testcase classname="ravichouhanworks.test.SubmitOrderTest" name="submitOrder" time="13.258"/>
  <testcase classname="ravichouhanworks.test.SubmitOrderTest" name="orderHistoryTest" time="10.187"/>
</testsuite> <!-- ravichouhanworks.test.SubmitOrderTest -->
